<?xml version="1.0" encoding="UTF-8"?>
<!-- Generated by org.testng.reporters.JUnitXMLReporter -->
<testsuite hostname="DESKTOP-OE22EG5" ignored="1" name="Command line test 89009cab-a0f9-4336-97ad-740ded1223eb" tests="6" failures="1" timestamp="2022-07-17T16:16:30 MST" time="0.007" errors="0">
  <testcase name="serachHotel" time="0.0" classname="testcases.BookingSearch"/>
  <testcase name="selectHotel" time="0.0" classname="testcases.BookingSearch"/>
  <testcase name="enterGuestInfo" time="0.0" classname="testcases.BookingSearch"/>
  <testcase name="applyDiscount" time="0.0" classname="testcases.PaymentManager"/>
  <testcase name="makePayment" time="0.0" classname="testcases.PaymentManager">
    <failure type="org.testng.TestNGException" message="
Parameter &amp;apos;action&amp;apos; is required by @Test on method makePayment but has not been marked @Optional or defined
">
      <![CDATA[org.testng.TestNGException: 
Parameter 'action' is required by @Test on method makePayment but has not been marked @Optional or defined

at java.util.ArrayList.forEach(Unknown Source)
at runner.SimpleRunner.main(SimpleRunner.java:92)
... Removed 23 stack frames]]>
    </failure>
  </testcase> <!-- makePayment -->
  <testcase name="checkEmail" time="0.001" classname="testcases.CustomerCommunicatios"/>
  <testcase name="loadBooking" time="0.0" classname="testcases.BookingSearch">
    <ignored/>
  </testcase> <!-- loadBooking -->
</testsuite> <!-- Command line test 89009cab-a0f9-4336-97ad-740ded1223eb -->
